# JRE version: OpenJDK Runtime Environment (11.0.12+7) (build 11.0.12+7-b1504.28-7817840)
# Java VM: OpenJDK 64-Bit Server VM (11.0.12+7-b1504.28-7817840, mixed mode, tiered, compressed oops, g1 gc, windows-amd64)
Heap:
 garbage-first heap   total 210944K, used 96707K [0x0000000080000000, 0x0000000100000000)
  region size 1024K, 3 young (3072K), 3 survivors (3072K)
 Metaspace       used 110468K, capacity 113512K, committed 114860K, reserved 1148928K
  class space    used 14393K, capacity 15571K, committed 16128K, reserved 1048576K
GC Heap History (20 events):
Event: 26.032 GC heap after
{Heap after GC invocations=39 (full 0):
 garbage-first heap   total 145408K, used 92309K [0x0000000080000000, 0x0000000100000000)
  region size 1024K, 4 young (4096K), 4 survivors (4096K)
 Metaspace       used 92327K, capacity 94659K, committed 94892K, reserved 1132544K
  class space    used 11920K, capacity 12762K, committed 12800K, reserved 1048576K
}
Event: 26.396 GC heap before
{Heap before GC invocations=40 (full 0):
 garbage-first heap   total 145408K, used 118933K [0x0000000080000000, 0x0000000100000000)
  region size 1024K, 29 young (29696K), 4 survivors (4096K)
 Metaspace       used 94639K, capacity 97050K, committed 97324K, reserved 1134592K
  class space    used 12232K, capacity 13159K, committed 13184K, reserved 1048576K
}
Event: 26.403 GC heap after
{Heap after GC invocations=41 (full 0):
 garbage-first heap   total 145408K, used 94508K [0x0000000080000000, 0x0000000100000000)
  region size 1024K, 4 young (4096K), 4 survivors (4096K)
 Metaspace       used 94639K, capacity 97050K, committed 97324K, reserved 1134592K
  class space    used 12232K, capacity 13159K, committed 13184K, reserved 1048576K
}
Event: 26.445 GC heap before
{Heap before GC invocations=41 (full 0):
 garbage-first heap   total 145408K, used 96556K [0x0000000080000000, 0x0000000100000000)
  region size 1024K, 7 young (7168K), 4 survivors (4096K)
 Metaspace       used 95156K, capacity 97605K, committed 97708K, reserved 1134592K
  class space    used 12314K, capacity 13262K, committed 13312K, reserved 1048576K
}
Event: 26.450 GC heap after
{Heap after GC invocations=42 (full 0):
 garbage-first heap   total 145408K, used 93613K [0x0000000080000000, 0x0000000100000000)
  region size 1024K, 1 young (1024K), 1 survivors (1024K)
 Metaspace       used 95156K, capacity 97605K, committed 97708K, reserved 1134592K
  class space    used 12314K, capacity 13262K, committed 13312K, reserved 1048576K
}
Event: 26.634 GC heap before
{Heap before GC invocations=42 (full 0):
 garbage-first heap   total 145408K, used 118189K [0x0000000080000000, 0x0000000100000000)
  region size 1024K, 26 young (26624K), 1 survivors (1024K)
 Metaspace       used 98190K, capacity 101026K, committed 101164K, reserved 1136640K
  class space    used 12792K, capacity 13871K, committed 13952K, reserved 1048576K
}
Event: 26.648 GC heap after
{Heap after GC invocations=43 (full 0):
 garbage-first heap   total 145408K, used 99818K [0x0000000080000000, 0x0000000100000000)
  region size 1024K, 4 young (4096K), 4 survivors (4096K)
 Metaspace       used 98190K, capacity 101026K, committed 101164K, reserved 1136640K
  class space    used 12792K, capacity 13871K, committed 13952K, reserved 1048576K
}
Event: 26.847 GC heap before
{Heap before GC invocations=44 (full 0):
 garbage-first heap   total 145408K, used 118250K [0x0000000080000000, 0x0000000100000000)
  region size 1024K, 23 young (23552K), 4 survivors (4096K)
 Metaspace       used 101674K, capacity 104810K, committed 105004K, reserved 1140736K
  class space    used 13435K, capacity 14701K, committed 14720K, reserved 1048576K
}
Event: 26.853 GC heap after
{Heap after GC invocations=45 (full 0):
 garbage-first heap   total 145408K, used 101418K [0x0000000080000000, 0x0000000100000000)
  region size 1024K, 2 young (2048K), 2 survivors (2048K)
 Metaspace       used 101674K, capacity 104810K, committed 105004K, reserved 1140736K
  class space    used 13435K, capacity 14701K, committed 14720K, reserved 1048576K
}
Event: 26.896 GC heap before
{Heap before GC invocations=45 (full 0):
 garbage-first heap   total 145408K, used 105514K [0x0000000080000000, 0x0000000100000000)
  region size 1024K, 7 young (7168K), 2 survivors (2048K)
 Metaspace       used 102380K, capacity 105625K, committed 105900K, reserved 1140736K
  class space    used 13524K, capacity 14826K, committed 14848K, reserved 1048576K
}
Event: 26.902 GC heap after
{Heap after GC invocations=46 (full 0):
 garbage-first heap   total 175104K, used 95567K [0x0000000080000000, 0x0000000100000000)
  region size 1024K, 1 young (1024K), 1 survivors (1024K)
 Metaspace       used 102380K, capacity 105625K, committed 105900K, reserved 1140736K
  class space    used 13524K, capacity 14826K, committed 14848K, reserved 1048576K
}
Event: 27.105 GC heap before
{Heap before GC invocations=46 (full 0):
 garbage-first heap   total 175104K, used 127311K [0x0000000080000000, 0x0000000100000000)
  region size 1024K, 32 young (32768K), 1 survivors (1024K)
 Metaspace       used 104608K, capacity 108056K, committed 108076K, reserved 1142784K
  class space    used 13822K, capacity 15229K, committed 15232K, reserved 1048576K
}
Event: 27.109 GC heap after
{Heap after GC invocations=47 (full 0):
 garbage-first heap   total 175104K, used 96003K [0x0000000080000000, 0x0000000100000000)
  region size 1024K, 2 young (2048K), 2 survivors (2048K)
 Metaspace       used 104608K, capacity 108056K, committed 108076K, reserved 1142784K
  class space    used 13822K, capacity 15229K, committed 15232K, reserved 1048576K
}
Event: 27.295 GC heap before
{Heap before GC invocations=48 (full 0):
 garbage-first heap   total 175104K, used 107267K [0x0000000080000000, 0x0000000100000000)
  region size 1024K, 17 young (17408K), 2 survivors (2048K)
 Metaspace       used 104509K, capacity 107385K, committed 109228K, reserved 1142784K
  class space    used 13557K, capacity 14701K, committed 15360K, reserved 1048576K
}
Event: 27.299 GC heap after
{Heap after GC invocations=49 (full 0):
 garbage-first heap   total 175104K, used 94991K [0x0000000080000000, 0x0000000100000000)
  region size 1024K, 3 young (3072K), 3 survivors (3072K)
 Metaspace       used 104509K, capacity 107385K, committed 109228K, reserved 1142784K
  class space    used 13557K, capacity 14701K, committed 15360K, reserved 1048576K
}
Event: 27.844 GC heap before
{Heap before GC invocations=50 (full 0):
 garbage-first heap   total 175104K, used 131855K [0x0000000080000000, 0x0000000100000000)
  region size 1024K, 39 young (39936K), 3 survivors (3072K)
 Metaspace       used 107031K, capacity 109917K, committed 111404K, reserved 1144832K
  class space    used 13989K, capacity 15130K, committed 15744K, reserved 1048576K
}
Event: 27.847 GC heap after
{Heap after GC invocations=51 (full 0):
 garbage-first heap   total 175104K, used 94922K [0x0000000080000000, 0x0000000100000000)
  region size 1024K, 3 young (3072K), 3 survivors (3072K)
 Metaspace       used 107031K, capacity 109917K, committed 111404K, reserved 1144832K
  class space    used 13989K, capacity 15130K, committed 15744K, reserved 1048576K
}
Event: 27.886 GC heap before
{Heap before GC invocations=51 (full 0):
 garbage-first heap   total 175104K, used 100042K [0x0000000080000000, 0x0000000100000000)
  region size 1024K, 8 young (8192K), 3 survivors (3072K)
 Metaspace       used 107416K, capacity 110301K, committed 112044K, reserved 1144832K
  class space    used 14036K, capacity 15194K, committed 15872K, reserved 1048576K
}
Event: 27.889 GC heap after
{Heap after GC invocations=52 (full 0):
 garbage-first heap   total 175104K, used 94393K [0x0000000080000000, 0x0000000100000000)
  region size 1024K, 1 young (1024K), 1 survivors (1024K)
 Metaspace       used 107416K, capacity 110301K, committed 112044K, reserved 1144832K
  class space    used 14036K, capacity 15194K, committed 15872K, reserved 1048576K
}
Event: 28.320 GC heap before
{Heap before GC invocations=52 (full 0):
 garbage-first heap   total 175104K, used 133305K [0x0000000080000000, 0x0000000100000000)
  region size 1024K, 40 young (40960K), 1 survivors (1024K)
 Metaspace       used 110468K, capacity 113512K, committed 114860K, reserved 1148928K
  class space    used 14393K, capacity 15571K, committed 16128K, reserved 1048576K
}

